2017-03-13 11:14:23 - PHP Notice:  Undefined index: thumb2 in D:\WebServer\OpenServer\domains\santehnik.ua\catalog\view\theme\default\template\common\revmenu.tpl on line 51
2017-03-13 11:14:23 - PHP Notice:  Undefined index: thumb2 in D:\WebServer\OpenServer\domains\santehnik.ua\catalog\view\theme\default\template\common\revmenu.tpl on line 51
2017-03-13 11:14:23 - PHP Notice:  Undefined index: thumb2 in D:\WebServer\OpenServer\domains\santehnik.ua\catalog\view\theme\default\template\common\revmenu.tpl on line 51
2017-03-13 11:14:23 - PHP Notice:  Undefined index: thumb2 in D:\WebServer\OpenServer\domains\santehnik.ua\catalog\view\theme\default\template\common\revmenu.tpl on line 51
2017-03-13 11:19:21 - PHP Notice:  Undefined index: thumb2 in D:\WebServer\OpenServer\domains\santehnik.ua\catalog\view\theme\default\template\common\revmenu.tpl on line 51
2017-03-13 11:19:21 - PHP Notice:  Undefined index: thumb2 in D:\WebServer\OpenServer\domains\santehnik.ua\catalog\view\theme\default\template\common\revmenu.tpl on line 51
2017-03-13 11:19:21 - PHP Notice:  Undefined index: thumb2 in D:\WebServer\OpenServer\domains\santehnik.ua\catalog\view\theme\default\template\common\revmenu.tpl on line 51
2017-03-13 11:19:21 - PHP Notice:  Undefined index: thumb2 in D:\WebServer\OpenServer\domains\santehnik.ua\catalog\view\theme\default\template\common\revmenu.tpl on line 51
2017-03-13 11:31:32 - PHP Notice:  Undefined index: thumb2 in D:\WebServer\OpenServer\domains\santehnik.ua\catalog\view\theme\default\template\common\revmenu.tpl on line 51
2017-03-13 11:31:32 - PHP Notice:  Undefined index: thumb2 in D:\WebServer\OpenServer\domains\santehnik.ua\catalog\view\theme\default\template\common\revmenu.tpl on line 51
2017-03-13 11:31:32 - PHP Notice:  Undefined index: thumb2 in D:\WebServer\OpenServer\domains\santehnik.ua\catalog\view\theme\default\template\common\revmenu.tpl on line 51
2017-03-13 11:31:32 - PHP Notice:  Undefined index: thumb2 in D:\WebServer\OpenServer\domains\santehnik.ua\catalog\view\theme\default\template\common\revmenu.tpl on line 51
2017-03-13 11:34:05 - PHP Notice:  Undefined index: thumb2 in D:\WebServer\OpenServer\domains\santehnik.ua\catalog\view\theme\default\template\common\revmenu.tpl on line 51
2017-03-13 11:34:05 - PHP Notice:  Undefined index: thumb2 in D:\WebServer\OpenServer\domains\santehnik.ua\catalog\view\theme\default\template\common\revmenu.tpl on line 51
2017-03-13 11:34:05 - PHP Notice:  Undefined index: thumb2 in D:\WebServer\OpenServer\domains\santehnik.ua\catalog\view\theme\default\template\common\revmenu.tpl on line 51
2017-03-13 11:34:05 - PHP Notice:  Undefined index: thumb2 in D:\WebServer\OpenServer\domains\santehnik.ua\catalog\view\theme\default\template\common\revmenu.tpl on line 51
2017-03-13 11:43:23 - PHP Notice:  Undefined index: thumb2 in D:\WebServer\OpenServer\domains\santehnik.ua\catalog\view\theme\default\template\common\revmenu.tpl on line 51
2017-03-13 11:43:23 - PHP Notice:  Undefined index: thumb2 in D:\WebServer\OpenServer\domains\santehnik.ua\catalog\view\theme\default\template\common\revmenu.tpl on line 51
2017-03-13 11:43:23 - PHP Notice:  Undefined index: thumb2 in D:\WebServer\OpenServer\domains\santehnik.ua\catalog\view\theme\default\template\common\revmenu.tpl on line 51
2017-03-13 11:43:23 - PHP Notice:  Undefined index: thumb2 in D:\WebServer\OpenServer\domains\santehnik.ua\catalog\view\theme\default\template\common\revmenu.tpl on line 51
2017-03-13 11:46:56 - PHP Notice:  Undefined index: thumb2 in D:\WebServer\OpenServer\domains\santehnik.ua\catalog\view\theme\default\template\common\revmenu.tpl on line 51
2017-03-13 11:46:56 - PHP Notice:  Undefined index: thumb2 in D:\WebServer\OpenServer\domains\santehnik.ua\catalog\view\theme\default\template\common\revmenu.tpl on line 51
2017-03-13 11:46:56 - PHP Notice:  Undefined index: thumb2 in D:\WebServer\OpenServer\domains\santehnik.ua\catalog\view\theme\default\template\common\revmenu.tpl on line 51
2017-03-13 11:46:56 - PHP Notice:  Undefined index: thumb2 in D:\WebServer\OpenServer\domains\santehnik.ua\catalog\view\theme\default\template\common\revmenu.tpl on line 51
2017-03-13 11:46:56 - PHP Notice:  Undefined variable: account in D:\WebServer\OpenServer\domains\santehnik.ua\catalog\view\theme\default\template\common\revmenu.tpl on line 74
2017-03-13 11:46:56 - PHP Notice:  Undefined variable: text_account in D:\WebServer\OpenServer\domains\santehnik.ua\catalog\view\theme\default\template\common\revmenu.tpl on line 74
2017-03-13 11:46:56 - PHP Notice:  Undefined variable: logged in D:\WebServer\OpenServer\domains\santehnik.ua\catalog\view\theme\default\template\common\revmenu.tpl on line 76
2017-03-13 11:46:56 - PHP Notice:  Undefined variable: register in D:\WebServer\OpenServer\domains\santehnik.ua\catalog\view\theme\default\template\common\revmenu.tpl on line 83
2017-03-13 11:46:56 - PHP Notice:  Undefined variable: text_register in D:\WebServer\OpenServer\domains\santehnik.ua\catalog\view\theme\default\template\common\revmenu.tpl on line 83
2017-03-13 11:46:56 - PHP Notice:  Undefined variable: login in D:\WebServer\OpenServer\domains\santehnik.ua\catalog\view\theme\default\template\common\revmenu.tpl on line 84
2017-03-13 11:46:56 - PHP Notice:  Undefined variable: text_login in D:\WebServer\OpenServer\domains\santehnik.ua\catalog\view\theme\default\template\common\revmenu.tpl on line 84
2017-03-13 11:46:56 - PHP Notice:  Undefined variable: wishlist in D:\WebServer\OpenServer\domains\santehnik.ua\catalog\view\theme\default\template\common\revmenu.tpl on line 86
2017-03-13 11:46:56 - PHP Notice:  Undefined variable: text_wishlist in D:\WebServer\OpenServer\domains\santehnik.ua\catalog\view\theme\default\template\common\revmenu.tpl on line 86
2017-03-13 11:46:56 - PHP Notice:  Undefined variable: text_wishlist in D:\WebServer\OpenServer\domains\santehnik.ua\catalog\view\theme\default\template\common\revmenu.tpl on line 86
2017-03-13 11:46:56 - PHP Notice:  Undefined variable: shopping_cart in D:\WebServer\OpenServer\domains\santehnik.ua\catalog\view\theme\default\template\common\revmenu.tpl on line 87
2017-03-13 11:46:56 - PHP Notice:  Undefined variable: text_shopping_cart in D:\WebServer\OpenServer\domains\santehnik.ua\catalog\view\theme\default\template\common\revmenu.tpl on line 87
2017-03-13 11:46:56 - PHP Notice:  Undefined variable: text_shopping_cart in D:\WebServer\OpenServer\domains\santehnik.ua\catalog\view\theme\default\template\common\revmenu.tpl on line 87
2017-03-13 11:46:56 - PHP Notice:  Undefined variable: checkout in D:\WebServer\OpenServer\domains\santehnik.ua\catalog\view\theme\default\template\common\revmenu.tpl on line 88
2017-03-13 11:46:56 - PHP Notice:  Undefined variable: text_checkout in D:\WebServer\OpenServer\domains\santehnik.ua\catalog\view\theme\default\template\common\revmenu.tpl on line 88
2017-03-13 11:46:56 - PHP Notice:  Undefined variable: text_checkout in D:\WebServer\OpenServer\domains\santehnik.ua\catalog\view\theme\default\template\common\revmenu.tpl on line 88
2017-03-13 11:47:29 - PHP Notice:  Undefined index: thumb2 in D:\WebServer\OpenServer\domains\santehnik.ua\catalog\view\theme\default\template\common\revmenu.tpl on line 51
2017-03-13 11:47:29 - PHP Notice:  Undefined index: thumb2 in D:\WebServer\OpenServer\domains\santehnik.ua\catalog\view\theme\default\template\common\revmenu.tpl on line 51
2017-03-13 11:47:29 - PHP Notice:  Undefined index: thumb2 in D:\WebServer\OpenServer\domains\santehnik.ua\catalog\view\theme\default\template\common\revmenu.tpl on line 51
2017-03-13 11:47:29 - PHP Notice:  Undefined index: thumb2 in D:\WebServer\OpenServer\domains\santehnik.ua\catalog\view\theme\default\template\common\revmenu.tpl on line 51
2017-03-13 11:47:29 - PHP Notice:  Undefined variable: account in D:\WebServer\OpenServer\domains\santehnik.ua\catalog\view\theme\default\template\common\revmenu.tpl on line 74
2017-03-13 11:47:29 - PHP Notice:  Undefined variable: text_account in D:\WebServer\OpenServer\domains\santehnik.ua\catalog\view\theme\default\template\common\revmenu.tpl on line 74
2017-03-13 11:47:29 - PHP Notice:  Undefined variable: logged in D:\WebServer\OpenServer\domains\santehnik.ua\catalog\view\theme\default\template\common\revmenu.tpl on line 76
2017-03-13 11:47:29 - PHP Notice:  Undefined variable: register in D:\WebServer\OpenServer\domains\santehnik.ua\catalog\view\theme\default\template\common\revmenu.tpl on line 83
2017-03-13 11:47:29 - PHP Notice:  Undefined variable: text_register in D:\WebServer\OpenServer\domains\santehnik.ua\catalog\view\theme\default\template\common\revmenu.tpl on line 83
2017-03-13 11:47:29 - PHP Notice:  Undefined variable: login in D:\WebServer\OpenServer\domains\santehnik.ua\catalog\view\theme\default\template\common\revmenu.tpl on line 84
2017-03-13 11:47:29 - PHP Notice:  Undefined variable: text_login in D:\WebServer\OpenServer\domains\santehnik.ua\catalog\view\theme\default\template\common\revmenu.tpl on line 84
2017-03-13 11:47:29 - PHP Notice:  Undefined variable: wishlist in D:\WebServer\OpenServer\domains\santehnik.ua\catalog\view\theme\default\template\common\revmenu.tpl on line 86
2017-03-13 11:47:29 - PHP Notice:  Undefined variable: text_wishlist in D:\WebServer\OpenServer\domains\santehnik.ua\catalog\view\theme\default\template\common\revmenu.tpl on line 86
2017-03-13 11:47:29 - PHP Notice:  Undefined variable: text_wishlist in D:\WebServer\OpenServer\domains\santehnik.ua\catalog\view\theme\default\template\common\revmenu.tpl on line 86
2017-03-13 11:47:29 - PHP Notice:  Undefined variable: shopping_cart in D:\WebServer\OpenServer\domains\santehnik.ua\catalog\view\theme\default\template\common\revmenu.tpl on line 87
2017-03-13 11:47:29 - PHP Notice:  Undefined variable: text_shopping_cart in D:\WebServer\OpenServer\domains\santehnik.ua\catalog\view\theme\default\template\common\revmenu.tpl on line 87
2017-03-13 11:47:29 - PHP Notice:  Undefined variable: text_shopping_cart in D:\WebServer\OpenServer\domains\santehnik.ua\catalog\view\theme\default\template\common\revmenu.tpl on line 87
2017-03-13 11:47:29 - PHP Notice:  Undefined variable: checkout in D:\WebServer\OpenServer\domains\santehnik.ua\catalog\view\theme\default\template\common\revmenu.tpl on line 88
2017-03-13 11:47:29 - PHP Notice:  Undefined variable: text_checkout in D:\WebServer\OpenServer\domains\santehnik.ua\catalog\view\theme\default\template\common\revmenu.tpl on line 88
2017-03-13 11:47:29 - PHP Notice:  Undefined variable: text_checkout in D:\WebServer\OpenServer\domains\santehnik.ua\catalog\view\theme\default\template\common\revmenu.tpl on line 88
